android/app/build/intermediates/manifest_merge_blame_file/debug/manifest-merger-blame-debug-report.txt
1<?xml version="1.0" encoding="utf-8"?>
2<manifest xmlns:android="http://schemas.android.com/apk/res/android"
3    package="com.nativecourse"
4    android:versionCode="1"
5    android:versionName="1.0" >
6
7    <uses-sdk
8        android:minSdkVersion="21"
9        android:targetSdkVersion="28" />
10
11    <uses-permission android:name="android.permission.SYSTEM_ALERT_WINDOW" />
11-->src/main/AndroidManifest.xml:3:3-75
11-->src/main/AndroidManifest.xml:3:20-73
12    <uses-permission android:name="android.permission.INTERNET" /> <!-- OPTIONAL PERMISSIONS, REMOVE WHATEVER YOU DO NOT NEED -->
12-->src/main/AndroidManifest.xml:2:3-64
12-->src/main/AndroidManifest.xml:2:20-62
13    <uses-permission android:name="android.permission.MANAGE_DOCUMENTS" />
13-->src/main/AndroidManifest.xml:5:3-72
13-->src/main/AndroidManifest.xml:5:20-70
14    <uses-permission android:name="android.permission.READ_INTERNAL_STORAGE" />
14-->src/main/AndroidManifest.xml:6:3-77
14-->src/main/AndroidManifest.xml:6:20-75
15    <uses-permission android:name="android.permission.READ_PHONE_STATE" />
15-->src/main/AndroidManifest.xml:7:3-72
15-->src/main/AndroidManifest.xml:7:20-70
16    <uses-permission android:name="android.permission.USE_FINGERPRINT" />
16-->src/main/AndroidManifest.xml:8:3-71
16-->src/main/AndroidManifest.xml:8:20-69
17    <uses-permission android:name="android.permission.VIBRATE" />
17-->src/main/AndroidManifest.xml:9:3-63
17-->src/main/AndroidManifest.xml:9:20-61
18    <uses-permission android:name="android.permission.MODIFY_AUDIO_SETTINGS" /> <!-- These require runtime permissions on M -->
18-->src/main/AndroidManifest.xml:10:3-77
18-->src/main/AndroidManifest.xml:10:20-75
19    <uses-permission android:name="android.permission.ACCESS_COARSE_LOCATION" />
19-->src/main/AndroidManifest.xml:12:3-78
19-->src/main/AndroidManifest.xml:12:20-76
20    <uses-permission android:name="android.permission.ACCESS_FINE_LOCATION" />
20-->src/main/AndroidManifest.xml:13:3-76
20-->src/main/AndroidManifest.xml:13:20-74
21    <uses-permission android:name="android.permission.CAMERA" />
21-->src/main/AndroidManifest.xml:14:3-62
21-->src/main/AndroidManifest.xml:14:20-60
22    <uses-permission android:name="android.permission.READ_CONTACTS" />
22-->src/main/AndroidManifest.xml:15:3-69
22-->src/main/AndroidManifest.xml:15:20-67
23    <uses-permission android:name="android.permission.READ_CALENDAR" />
23-->src/main/AndroidManifest.xml:16:3-69
23-->src/main/AndroidManifest.xml:16:20-67
24    <uses-permission android:name="android.permission.WRITE_CALENDAR" />
24-->src/main/AndroidManifest.xml:17:3-70
24-->src/main/AndroidManifest.xml:17:20-68
25    <uses-permission android:name="android.permission.READ_EXTERNAL_STORAGE" />
25-->src/main/AndroidManifest.xml:18:3-77
25-->src/main/AndroidManifest.xml:18:20-75
26    <uses-permission android:name="android.permission.RECORD_AUDIO" />
26-->src/main/AndroidManifest.xml:19:3-68
26-->src/main/AndroidManifest.xml:19:20-66
27    <uses-permission android:name="android.permission.WRITE_EXTERNAL_STORAGE" />
27-->src/main/AndroidManifest.xml:20:3-78
27-->src/main/AndroidManifest.xml:20:20-76
28    <uses-permission android:name="android.permission.WRITE_SETTINGS" />
28-->src/main/AndroidManifest.xml:21:3-70
28-->src/main/AndroidManifest.xml:21:20-68
29    <uses-permission android:name="android.permission.ACCESS_NETWORK_STATE" />
29-->[:expo-updates] AndroidManifest.xml:11:5-79
29-->[:expo-updates] AndroidManifest.xml:11:22-76
30    <uses-permission android:name="android.permission.STORAGE" />
30-->[:expo-file-system] AndroidManifest.xml:15:5-66
30-->[:expo-file-system] AndroidManifest.xml:15:22-63
31    <uses-permission android:name="android.permission.FOREGROUND_SERVICE" />
31-->[:expo-location] AndroidManifest.xml:13:5-77
31-->[:expo-location] AndroidManifest.xml:13:22-74
32    <uses-permission android:name="com.google.android.providers.gsf.permission.READ_GSERVICES" />
32-->[io.nlopez.smartlocation:library:3.2.11] AndroidManifest.xml:15:5-98
32-->[io.nlopez.smartlocation:library:3.2.11] AndroidManifest.xml:15:22-95
33    <uses-permission android:name="com.google.android.gms.permission.ACTIVITY_RECOGNITION" />
33-->[io.nlopez.smartlocation:library:3.2.11] AndroidManifest.xml:16:5-94
33-->[io.nlopez.smartlocation:library:3.2.11] AndroidManifest.xml:16:22-91
34
35    <application
35-->src/main/AndroidManifest.xml:23:3-47:17
36        android:name="com.nativecourse.MainApplication"
36-->src/main/AndroidManifest.xml:24:5-36
37        android:allowBackup="false"
37-->src/main/AndroidManifest.xml:28:5-32
38        android:appComponentFactory="androidx.core.app.CoreComponentFactory"
38-->[androidx.core:core:1.1.0] AndroidManifest.xml:24:18-86
39        android:debuggable="true"
40        android:icon="@mipmap/ic_launcher"
40-->src/main/AndroidManifest.xml:26:5-39
41        android:label="@string/app_name"
41-->src/main/AndroidManifest.xml:25:5-37
42        android:roundIcon="@mipmap/ic_launcher_round"
42-->src/main/AndroidManifest.xml:27:5-50
43        android:theme="@style/AppTheme"
43-->src/main/AndroidManifest.xml:29:5-36
44        android:usesCleartextTraffic="true" >
44-->src/debug/AndroidManifest.xml:6:18-53
45        <meta-data
45-->src/main/AndroidManifest.xml:31:5-103
46            android:name="expo.modules.updates.EXPO_UPDATE_URL"
46-->src/main/AndroidManifest.xml:31:16-67
47            android:value="YOUR-APP-URL-HERE" />
47-->src/main/AndroidManifest.xml:31:68-101
48        <meta-data
48-->src/main/AndroidManifest.xml:32:5-112
49            android:name="expo.modules.updates.EXPO_SDK_VERSION"
49-->src/main/AndroidManifest.xml:32:16-68
50            android:value="YOUR-APP-SDK-VERSION-HERE" />
50-->src/main/AndroidManifest.xml:32:69-110
51
52        <activity
52-->src/main/AndroidManifest.xml:33:5-45:16
53            android:name="com.nativecourse.MainActivity"
53-->src/main/AndroidManifest.xml:34:7-35
54            android:configChanges="keyboard|keyboardHidden|orientation|screenSize"
54-->src/main/AndroidManifest.xml:36:7-77
55            android:label="@string/app_name"
55-->src/main/AndroidManifest.xml:35:7-39
56            android:launchMode="singleTask"
56-->src/main/AndroidManifest.xml:37:7-38
57            android:theme="@style/Theme.App.SplashScreen"
57-->src/main/AndroidManifest.xml:39:7-52
58            android:windowSoftInputMode="adjustResize" >
58-->src/main/AndroidManifest.xml:38:7-49
59            <intent-filter>
59-->src/main/AndroidManifest.xml:41:7-44:23
60                <action android:name="android.intent.action.MAIN" />
60-->src/main/AndroidManifest.xml:42:9-60
60-->src/main/AndroidManifest.xml:42:17-58
61
62                <category android:name="android.intent.category.LAUNCHER" />
62-->src/main/AndroidManifest.xml:43:9-68
62-->src/main/AndroidManifest.xml:43:19-66
63            </intent-filter>
64        </activity>
65        <activity android:name="com.facebook.react.devsupport.DevSettingsActivity" />
65-->src/main/AndroidManifest.xml:46:5-81
65-->src/main/AndroidManifest.xml:46:15-79
66
67        <provider
67-->[:expo-file-system] AndroidManifest.xml:18:9-27:20
68            android:name="expo.modules.filesystem.FileSystemFileProvider"
68-->[:expo-file-system] AndroidManifest.xml:19:13-74
69            android:authorities="com.nativecourse.FileSystemFileProvider"
69-->[:expo-file-system] AndroidManifest.xml:20:13-74
70            android:exported="false"
70-->[:expo-file-system] AndroidManifest.xml:21:13-37
71            android:grantUriPermissions="true" >
71-->[:expo-file-system] AndroidManifest.xml:22:13-47
72            <meta-data
72-->[:expo-file-system] AndroidManifest.xml:24:13-26:70
73                android:name="android.support.FILE_PROVIDER_PATHS"
73-->[:expo-file-system] AndroidManifest.xml:25:17-67
74                android:resource="@xml/file_system_provider_paths" />
74-->[:expo-file-system] AndroidManifest.xml:26:17-67
75        </provider>
76
77        <service
77-->[:expo-location] AndroidManifest.xml:16:9-18:40
78            android:name="expo.modules.location.services.LocationTaskService"
78-->[:expo-location] AndroidManifest.xml:17:13-78
79            android:exported="false" />
79-->[:expo-location] AndroidManifest.xml:18:13-37
80
81        <activity
81-->[com.google.android.gms:play-services-base:16.0.1] AndroidManifest.xml:23:9-26:75
82            android:name="com.google.android.gms.common.api.GoogleApiActivity"
82-->[com.google.android.gms:play-services-base:16.0.1] AndroidManifest.xml:24:13-79
83            android:exported="false"
83-->[com.google.android.gms:play-services-base:16.0.1] AndroidManifest.xml:25:13-37
84            android:theme="@android:style/Theme.Translucent.NoTitleBar" />
84-->[com.google.android.gms:play-services-base:16.0.1] AndroidManifest.xml:26:13-72
85
86        <meta-data
86-->[com.google.android.gms:play-services-basement:16.0.1] AndroidManifest.xml:23:9-25:69
87            android:name="com.google.android.gms.version"
87-->[com.google.android.gms:play-services-basement:16.0.1] AndroidManifest.xml:24:13-58
88            android:value="@integer/google_play_services_version" />
88-->[com.google.android.gms:play-services-basement:16.0.1] AndroidManifest.xml:25:13-66
89
90        <service
90-->[androidx.room:room-runtime:2.1.0] AndroidManifest.xml:25:9-27:40
91            android:name="androidx.room.MultiInstanceInvalidationService"
91-->[androidx.room:room-runtime:2.1.0] AndroidManifest.xml:26:13-74
92            android:exported="false" />
92-->[androidx.room:room-runtime:2.1.0] AndroidManifest.xml:27:13-37
93        <service
93-->[io.nlopez.smartlocation:library:3.2.11] AndroidManifest.xml:19:9-21:40
94            android:name="io.nlopez.smartlocation.activity.providers.ActivityGooglePlayServicesProvider$ActivityRecognitionService"
94-->[io.nlopez.smartlocation:library:3.2.11] AndroidManifest.xml:20:13-132
95            android:exported="false" />
95-->[io.nlopez.smartlocation:library:3.2.11] AndroidManifest.xml:21:13-37
96        <service
96-->[io.nlopez.smartlocation:library:3.2.11] AndroidManifest.xml:22:9-24:40
97            android:name="io.nlopez.smartlocation.geofencing.providers.GeofencingGooglePlayServicesProvider$GeofencingService"
97-->[io.nlopez.smartlocation:library:3.2.11] AndroidManifest.xml:23:13-127
98            android:exported="false" />
98-->[io.nlopez.smartlocation:library:3.2.11] AndroidManifest.xml:24:13-37
99        <service
99-->[io.nlopez.smartlocation:library:3.2.11] AndroidManifest.xml:25:9-27:40
100            android:name="io.nlopez.smartlocation.geocoding.providers.AndroidGeocodingProvider$AndroidGeocodingService"
100-->[io.nlopez.smartlocation:library:3.2.11] AndroidManifest.xml:26:13-120
101            android:exported="false" />
101-->[io.nlopez.smartlocation:library:3.2.11] AndroidManifest.xml:27:13-37
102    </application>
103
104</manifest>